Using pre-set license
Built from '2020.3/staging' branch; Version is '2020.3.20f1 (41c4e627c95f) revision 4310246'; Using compiler version '192528614'; Build Type 'Release'
OS: 'Windows 10 Pro; OS build 22000.588; Version 2009; 64bit' Language: 'en' Physical Memory: 8125 MB
BatchMode: 1, IsHumanControllingUs: 0, StartBugReporterOnCrash: 0, Is64bit: 1, IsPro: 0

COMMAND LINE ARGUMENTS:
C:\Program Files\Unity\Hub\Editor\2020.3.20f1\Editor\Unity.exe
-adb2
-batchMode
-noUpm
-name
AssetImportWorker0
-projectPath
C:/Users/Niall/Desktop/UNI/4th Year/CO3808 - Project/Artefact/Voxel-Based-Terrain-Generation
-logFile
Logs/AssetImportWorker0.log
-srvPort
33036
Successfully changed project path to: C:/Users/Niall/Desktop/UNI/4th Year/CO3808 - Project/Artefact/Voxel-Based-Terrain-Generation
C:/Users/Niall/Desktop/UNI/4th Year/CO3808 - Project/Artefact/Voxel-Based-Terrain-Generation
Using Asset Import Pipeline V2.
Refreshing native plugins compatible for Editor in 54.47 ms, found 2 plugins.
Preloading 0 native plugins for Editor in 0.00 ms.
Initialize engine version: 2020.3.20f1 (41c4e627c95f)
[Subsystems] Discovering subsystems at path C:/Program Files/Unity/Hub/Editor/2020.3.20f1/Editor/Data/Resources/UnitySubsystems
[Subsystems] Discovering subsystems at path C:/Users/Niall/Desktop/UNI/4th Year/CO3808 - Project/Artefact/Voxel-Based-Terrain-Generation/Assets
GfxDevice: creating device client; threaded=0
Direct3D:
    Version:  Direct3D 11.0 [level 11.1]
    Renderer: NVIDIA GeForce GTX 1050 Ti (ID=0x1c82)
    Vendor:   
    VRAM:     4018 MB
    Driver:   30.0.15.1165
Initialize mono
Mono path[0] = 'C:/Program Files/Unity/Hub/Editor/2020.3.20f1/Editor/Data/Managed'
Mono path[1] = 'C:/Program Files/Unity/Hub/Editor/2020.3.20f1/Editor/Data/MonoBleedingEdge/lib/mono/unityjit'
Mono config path = 'C:/Program Files/Unity/Hub/Editor/2020.3.20f1/Editor/Data/MonoBleedingEdge/etc'
Using monoOptions --debugger-agent=transport=dt_socket,embedding=1,server=y,suspend=n,address=127.0.0.1:56728
Begin MonoManager ReloadAssembly
Registering precompiled unity dll's ...
Register platform support module: C:/Program Files/Unity/Hub/Editor/2020.3.20f1/Editor/Data/PlaybackEngines/WindowsStandaloneSupport/UnityEditor.WindowsStandalone.Extensions.dll
Registered in 0.001492 seconds.
Native extension for WindowsStandalone target not found
Refreshing native plugins compatible for Editor in 57.10 ms, found 2 plugins.
Preloading 0 native plugins for Editor in 0.00 ms.
Mono: successfully reloaded assembly
- Completed reload, in  1.104 seconds
Domain Reload Profiling:
	ReloadAssembly (1104ms)
		BeginReloadAssembly (53ms)
			ExecutionOrderSort (0ms)
			DisableScriptedObjects (0ms)
			BackupInstance (0ms)
			ReleaseScriptingObjects (0ms)
			CreateAndSetChildDomain (1ms)
		EndReloadAssembly (462ms)
			LoadAssemblies (50ms)
			RebuildTransferFunctionScriptingTraits (0ms)
			SetupTypeCache (164ms)
			ReleaseScriptCaches (0ms)
			RebuildScriptCaches (32ms)
			SetupLoadedEditorAssemblies (189ms)
				LogAssemblyErrors (0ms)
				InitializePlatformSupportModulesInManaged (4ms)
				SetLoadedEditorAssemblies (0ms)
				RefreshPlugins (57ms)
				BeforeProcessingInitializeOnLoad (18ms)
				ProcessInitializeOnLoadAttributes (81ms)
				ProcessInitializeOnLoadMethodAttributes (28ms)
				AfterProcessingInitializeOnLoad (0ms)
				EditorAssembliesLoaded (0ms)
			ExecutionOrderSort2 (0ms)
			AwakeInstancesAfterBackupRestoration (0ms)
Platform modules already initialized, skipping
Registering precompiled user dll's ...
Registered in 0.003678 seconds.
Begin MonoManager ReloadAssembly
Native extension for WindowsStandalone target not found
Refreshing native plugins compatible for Editor in 53.51 ms, found 2 plugins.
Preloading 0 native plugins for Editor in 0.00 ms.
Mono: successfully reloaded assembly
- Completed reload, in  1.193 seconds
Domain Reload Profiling:
	ReloadAssembly (1194ms)
		BeginReloadAssembly (159ms)
			ExecutionOrderSort (0ms)
			DisableScriptedObjects (4ms)
			BackupInstance (0ms)
			ReleaseScriptingObjects (0ms)
			CreateAndSetChildDomain (29ms)
		EndReloadAssembly (974ms)
			LoadAssemblies (93ms)
			RebuildTransferFunctionScriptingTraits (0ms)
			SetupTypeCache (319ms)
			ReleaseScriptCaches (1ms)
			RebuildScriptCaches (50ms)
			SetupLoadedEditorAssemblies (367ms)
				LogAssemblyErrors (0ms)
				InitializePlatformSupportModulesInManaged (4ms)
				SetLoadedEditorAssemblies (0ms)
				RefreshPlugins (54ms)
				BeforeProcessingInitializeOnLoad (89ms)
				ProcessInitializeOnLoadAttributes (209ms)
				ProcessInitializeOnLoadMethodAttributes (5ms)
				AfterProcessingInitializeOnLoad (5ms)
				EditorAssembliesLoaded (0ms)
			ExecutionOrderSort2 (0ms)
			AwakeInstancesAfterBackupRestoration (8ms)
Platform modules already initialized, skipping
========================================================================
Worker process is ready to serve import requests
Launched and connected shader compiler UnityShaderCompiler.exe after 0.06 seconds
Refreshing native plugins compatible for Editor in 0.51 ms, found 2 plugins.
Preloading 0 native plugins for Editor in 0.00 ms.
Unloading 2736 Unused Serialized files (Serialized files now loaded: 0)
System memory in use before: 127.1 MB.
System memory in use after: 127.3 MB.

Unloading 17 unused Assets to reduce memory usage. Loaded Objects now: 3176.
Total: 3.392100 ms (FindLiveObjects: 0.266000 ms CreateObjectMapping: 0.134200 ms MarkObjects: 2.916600 ms  DeleteObjects: 0.074400 ms)

AssetImportParameters requested are different than current active one (requested -> active):
  custom:framework-win-MediaFoundation: 216162199b28c13a410421893ffa2e32 -> 
  custom:video-decoder-ogg-theora: a1e56fd34408186e4bbccfd4996cb3dc -> 
  custom:container-muxer-webm: aa71ff27fc2769a1b78a27578f13a17b -> 
  custom:container-demuxer-webm: 4f35f7cbe854078d1ac9338744f61a02 -> 
  custom:container-demuxer-ogg: 62fdf1f143b41e24485cea50d1cbac27 -> 
  custom:video-encoder-webm-vp8: eb34c28f22e8b96e1ab97ce403110664 -> 
  custom:video-codec-MediaFoundation-h265: 746d11721c4dcdbdad8f713fa42b33f4 -> 
  custom:video-decoder-webm-vp8: 9c59270c3fd7afecdb556c50c9e8de78 -> 
  custom:audio-decoder-ogg-vorbis: bf7c407c2cedff20999df2af8eb42d56 -> 
  custom:audio-encoder-webm-vorbis: bf7c407c2cedff20999df2af8eb42d56 -> 
========================================================================
Received Import Request.
  path: Assets/Source/Noise Data/Stone Noise Data.asset
  artifactKey: Guid(e20822563f7735a4abceb972b7fca0d0) Importer(815301076,1909f56bfc062723c751e8b465ee728b)
Start importing Assets/Source/Noise Data/Stone Noise Data.asset using Guid(e20822563f7735a4abceb972b7fca0d0) Importer(815301076,1909f56bfc062723c751e8b465ee728b)  -> (artifact id: '353de9cbcff6cac8a38ce9a8b3f33c4d') in 8.840004 seconds 
  Import took 8.882324 seconds .

========================================================================
Received Import Request.
  Time since last request: 0.000271 seconds.
  path: Assets/Source/Noise Data/Domain Warping X Data.asset
  artifactKey: Guid(13df41a402f22b94bb97dd566ab3cec4) Importer(815301076,1909f56bfc062723c751e8b465ee728b)
Start importing Assets/Source/Noise Data/Domain Warping X Data.asset using Guid(13df41a402f22b94bb97dd566ab3cec4) Importer(815301076,1909f56bfc062723c751e8b465ee728b)  -> (artifact id: '72273d37194cdd92be049b700ade7f9c') in 0.809242 seconds 
  Import took 0.813409 seconds .

========================================================================
Received Import Request.
  Time since last request: 0.000299 seconds.
  path: Assets/Source/Noise Data/Domain Warping Z Data.asset
  artifactKey: Guid(6e3773713006fae428a6e0246bb42471) Importer(815301076,1909f56bfc062723c751e8b465ee728b)
Start importing Assets/Source/Noise Data/Domain Warping Z Data.asset using Guid(6e3773713006fae428a6e0246bb42471) Importer(815301076,1909f56bfc062723c751e8b465ee728b)  -> (artifact id: '759a6f6e7c16130a9021544683f81784') in 0.013388 seconds 
  Import took 0.027105 seconds .

========================================================================
Received Import Request.
  Time since last request: 0.000111 seconds.
  path: Assets/Source/Noise Data/Noise Data.asset
  artifactKey: Guid(b352eed66884a0749a362e8e462c317b) Importer(815301076,1909f56bfc062723c751e8b465ee728b)
Start importing Assets/Source/Noise Data/Noise Data.asset using Guid(b352eed66884a0749a362e8e462c317b) Importer(815301076,1909f56bfc062723c751e8b465ee728b)  -> (artifact id: '7569cc4c65d872ca5c390ae8443031bb') in 0.117457 seconds 
  Import took 0.122831 seconds .

========================================================================
Received Import Request.
  Time since last request: 19.496364 seconds.
  path: Assets/Source/Block Data.asset
  artifactKey: Guid(04e037efea9b0aa4e8ff26be0759cdd8) Importer(815301076,1909f56bfc062723c751e8b465ee728b)
Start importing Assets/Source/Block Data.asset using Guid(04e037efea9b0aa4e8ff26be0759cdd8) Importer(815301076,1909f56bfc062723c751e8b465ee728b)  -> (artifact id: '570d39de8fc1879295bb4c31f301cf45') in 0.005920 seconds 
  Import took 0.010606 seconds .

